Arguments: 
  /Users/macbookpro/.nvm/versions/node/v14.15.0/bin/node /usr/local/Cellar/yarn/1.22.17_2/libexec/bin/yarn.js add —dev typescript @types/node @types/react @types/react-dom @types/jest --dev

PATH: 
  /usr/local/opt/libpq/bin:/usr/local/sbin:/Users/macbookpro/.nvm/versions/node/v14.15.0/bin:/usr/local/bin:/usr/bin:/bin:/usr/sbin:/sbin:/usr/local/share/dotnet:~/.dotnet/tools:/Library/Frameworks/Mono.framework/Versions/Current/Commands:/usr/local/opt/libpq/bin:/usr/local/sbin:/Users/macbookpro/.nvm/versions/node/v14.15.0/bin:/Applications/Visual Studio Code.app/Contents/Resources/app/bin:/Applications/Visual Studio Code.app/Contents/Resources/app/bin

Yarn version: 
  1.22.17

Node version: 
  14.15.0

Platform: 
  darwin x64

Trace: 
  TypeError [ERR_UNESCAPED_CHARACTERS]: Request path contains unescaped characters
      at new ClientRequest (_http_client.js:151:13)
      at Object.request (https.js:313:10)
      at Request.module.exports.Request.start (/usr/local/Cellar/yarn/1.22.17_2/libexec/lib/cli.js:141445:32)
      at Request.module.exports.Request.end (/usr/local/Cellar/yarn/1.22.17_2/libexec/lib/cli.js:142204:10)
      at end (/usr/local/Cellar/yarn/1.22.17_2/libexec/lib/cli.js:141258:14)
      at Immediate._onImmediate (/usr/local/Cellar/yarn/1.22.17_2/libexec/lib/cli.js:141272:7)
      at processImmediate (internal/timers.js:461:21)

npm manifest: 
  {
      "name": "startp",
      "version": "3.5.0",
      "description": "StartP - React Next IT Startup & Digital Agency Template",
      "main": "index.js",
      "scripts": {
          "dev": "next dev",
          "build": "next build",
          "start": "next start"
      },
      "author": "EnvyTheme.com",
      "dependencies": {
          "animate.css": "^4.1.1",
          "axios": "^0.21.4",
          "next": "^12.0.4",
          "nodemailer": "^6.7.1",
          "nodemailer-sendgrid-transport": "^0.2.0",
          "react": "^17.0.2",
          "react-accessible-accordion": "^3.3.5",
          "react-dom": "^17.0.2",
          "react-feather": "^2.0.9",
          "react-hook-form": "^6.15.8",
          "react-masonry-component": "^6.3.0",
          "react-owl-carousel3": "^2.2.5",
          "react-redux": "^7.2.6",
          "react-slick": "^0.28.1",
          "react-tabs": "^3.2.3",
          "react-toast-notifications": "^2.5.1",
          "redux": "^3.6.0",
          "redux-devtools-extension": "^2.13.9",
          "sass": "^1.43.4",
          "sweetalert2": "^10.16.9",
          "sweetalert2-react-content": "^3.3.3"
      },
      "license": "MIT"
  }

yarn manifest: 
  No manifest

Lockfile: 
  No lockfile
